[0.039s] Invoking command in '/home/pi5/ros2_ws/build/bno055_imu': CMAKE_PREFIX_PATH=${CMAKE_PREFIX_PATH}:/home/pi5/ros2_ws/install/tts_speaker:/home/pi5/ros2_ws/install/speech_recognition:/home/pi5/ros2_ws/install/llm_node:/opt/ros/jazzy DEBUGINFOD_URLS=https://debuginfod.ubuntu.com /usr/bin/cmake /home/pi5/ros2_ws/src/bno055_imu -DAMENT_CMAKE_SYMLINK_INSTALL=1 -DCMAKE_INSTALL_PREFIX=/home/pi5/ros2_ws/install/bno055_imu
[0.774s] -- Found ament_cmake: 2.5.4 (/opt/ros/jazzy/share/ament_cmake/cmake)
[0.774s] -- Found Python3: /usr/bin/python3 (found version "3.12.3") found components: Interpreter 
[0.774s] -- Override CMake install command with custom implementation using symlinks instead of copying resources
[0.774s] -- Found std_msgs: 5.3.6 (/opt/ros/jazzy/share/std_msgs/cmake)
[0.775s] -- Found rosidl_generator_c: 4.6.6 (/opt/ros/jazzy/share/rosidl_generator_c/cmake)
[0.775s] -- Found rosidl_generator_cpp: 4.6.6 (/opt/ros/jazzy/share/rosidl_generator_cpp/cmake)
[0.775s] -- Using all available rosidl_typesupport_c: rosidl_typesupport_fastrtps_c;rosidl_typesupport_introspection_c
[0.775s] -- Using all available rosidl_typesupport_cpp: rosidl_typesupport_fastrtps_cpp;rosidl_typesupport_introspection_cpp
[0.775s] -- Found geometry_msgs: 5.3.6 (/opt/ros/jazzy/share/geometry_msgs/cmake)
[0.776s] -- Found rosidl_default_generators: 1.6.0 (/opt/ros/jazzy/share/rosidl_default_generators/cmake)
[0.776s] -- Found rosidl_adapter: 4.6.6 (/opt/ros/jazzy/share/rosidl_adapter/cmake)
[0.919s] -- Found ament_cmake_ros: 0.12.0 (/opt/ros/jazzy/share/ament_cmake_ros/cmake)
[1.430s] -- Using all available rosidl_typesupport_c: rosidl_typesupport_fastrtps_c;rosidl_typesupport_introspection_c
[1.633s] -- Using all available rosidl_typesupport_cpp: rosidl_typesupport_fastrtps_cpp;rosidl_typesupport_introspection_cpp
[1.635s] -- Found python_cmake_module: 0.11.1 (/opt/ros/jazzy/share/python_cmake_module/cmake)
[2.229s] -- Found Python3: /usr/bin/python3 (found version "3.12.3") found components: Interpreter Development NumPy Development.Module Development.Embed 
[2.313s] -- Found ament_lint_auto: 0.17.3 (/opt/ros/jazzy/share/ament_lint_auto/cmake)
[2.331s] -- Configuring done (2.3s)
[2.453s] -- Generating done (0.1s)
[2.503s] -- Build files have been written to: /home/pi5/ros2_ws/build/bno055_imu
[2.529s] Invoked command in '/home/pi5/ros2_ws/build/bno055_imu' returned '0': CMAKE_PREFIX_PATH=${CMAKE_PREFIX_PATH}:/home/pi5/ros2_ws/install/tts_speaker:/home/pi5/ros2_ws/install/speech_recognition:/home/pi5/ros2_ws/install/llm_node:/opt/ros/jazzy DEBUGINFOD_URLS=https://debuginfod.ubuntu.com /usr/bin/cmake /home/pi5/ros2_ws/src/bno055_imu -DAMENT_CMAKE_SYMLINK_INSTALL=1 -DCMAKE_INSTALL_PREFIX=/home/pi5/ros2_ws/install/bno055_imu
[2.532s] Invoking command in '/home/pi5/ros2_ws/build/bno055_imu': CMAKE_PREFIX_PATH=${CMAKE_PREFIX_PATH}:/home/pi5/ros2_ws/install/tts_speaker:/home/pi5/ros2_ws/install/speech_recognition:/home/pi5/ros2_ws/install/llm_node:/opt/ros/jazzy DEBUGINFOD_URLS=https://debuginfod.ubuntu.com /usr/bin/cmake --build /home/pi5/ros2_ws/build/bno055_imu -- -j4 -l4
[2.664s] failed to create symbolic link '/home/pi5/ros2_ws/build/bno055_imu/ament_cmake_python/bno055_imu/bno055_imu' because existing path cannot be removed: Is a directory
[2.669s] gmake[2]: *** [CMakeFiles/ament_cmake_python_symlink_bno055_imu.dir/build.make:70: CMakeFiles/ament_cmake_python_symlink_bno055_imu] Error 1
[2.670s] gmake[1]: *** [CMakeFiles/Makefile2:452: CMakeFiles/ament_cmake_python_symlink_bno055_imu.dir/all] Error 2
[2.671s] gmake[1]: *** Waiting for unfinished jobs....
[2.671s] [  2%] Built target bno055_imu__rosidl_generator_type_description
[2.673s] gmake: *** [Makefile:146: all] Error 2
[2.678s] Invoked command in '/home/pi5/ros2_ws/build/bno055_imu' returned '2': CMAKE_PREFIX_PATH=${CMAKE_PREFIX_PATH}:/home/pi5/ros2_ws/install/tts_speaker:/home/pi5/ros2_ws/install/speech_recognition:/home/pi5/ros2_ws/install/llm_node:/opt/ros/jazzy DEBUGINFOD_URLS=https://debuginfod.ubuntu.com /usr/bin/cmake --build /home/pi5/ros2_ws/build/bno055_imu -- -j4 -l4
